Message[305] C:\USERS\SUGIE\ONEDRIVE - THE UNIVERSITY OF NOTTINGHAM\2022-2023\EEEE3016 EMBEDDED COMPUTING\LABS\TASK_6\TASK_6A_ASSEMBLY\ECH_SUB.INC 25 : Using default destination of 1 (file).
Message[302] C:\USERS\SUGIE\ONEDRIVE - THE UNIVERSITY OF NOTTINGHAM\2022-2023\EEEE3016 EMBEDDED COMPUTING\LABS\TASK_6\TASK_6A_ASSEMBLY\PROGRAM.ASM 128 : Register in operand not in bank 0.  Ensure that bank bits are correct.
Message[305] C:\USERS\SUGIE\ONEDRIVE - THE UNIVERSITY OF NOTTINGHAM\2022-2023\EEEE3016 EMBEDDED COMPUTING\LABS\TASK_6\TASK_6A_ASSEMBLY\PROGRAM.ASM 166 : Using default destination of 1 (file).
Message[305] C:\USERS\SUGIE\ONEDRIVE - THE UNIVERSITY OF NOTTINGHAM\2022-2023\EEEE3016 EMBEDDED COMPUTING\LABS\TASK_6\TASK_6A_ASSEMBLY\PROGRAM.ASM 174 : Using default destination of 1 (file).
Message[305] C:\USERS\SUGIE\ONEDRIVE - THE UNIVERSITY OF NOTTINGHAM\2022-2023\EEEE3016 EMBEDDED COMPUTING\LABS\TASK_6\TASK_6A_ASSEMBLY\PROGRAM.ASM 192 : Using default destination of 1 (file).
Warning[202] C:\USERS\SUGIE\ONEDRIVE - THE UNIVERSITY OF NOTTINGHAM\2022-2023\EEEE3016 EMBEDDED COMPUTING\LABS\TASK_6\TASK_6A_ASSEMBLY\PROGRAM.ASM 212 : Argument out of range.  Least significant bits used.
Message[305] C:\USERS\SUGIE\ONEDRIVE - THE UNIVERSITY OF NOTTINGHAM\2022-2023\EEEE3016 EMBEDDED COMPUTING\LABS\TASK_6\TASK_6A_ASSEMBLY\PROGRAM.ASM 239 : Using default destination of 1 (file).
Message[305] C:\USERS\SUGIE\ONEDRIVE - THE UNIVERSITY OF NOTTINGHAM\2022-2023\EEEE3016 EMBEDDED COMPUTING\LABS\TASK_6\TASK_6A_ASSEMBLY\PROGRAM.ASM 268 : Using default destination of 1 (file).
Message[305] C:\USERS\SUGIE\ONEDRIVE - THE UNIVERSITY OF NOTTINGHAM\2022-2023\EEEE3016 EMBEDDED COMPUTING\LABS\TASK_6\TASK_6A_ASSEMBLY\PROGRAM.ASM 281 : Using default destination of 1 (file).
Message[302] C:\USERS\SUGIE\ONEDRIVE - THE UNIVERSITY OF NOTTINGHAM\2022-2023\EEEE3016 EMBEDDED COMPUTING\LABS\TASK_6\TASK_6A_ASSEMBLY\ECH_INIT.INC 15 : Register in operand not in bank 0.  Ensure that bank bits are correct.
Message[302] C:\USERS\SUGIE\ONEDRIVE - THE UNIVERSITY OF NOTTINGHAM\2022-2023\EEEE3016 EMBEDDED COMPUTING\LABS\TASK_6\TASK_6A_ASSEMBLY\ECH_INIT.INC 17 : Register in operand not in bank 0.  Ensure that bank bits are correct.
Message[302] C:\USERS\SUGIE\ONEDRIVE - THE UNIVERSITY OF NOTTINGHAM\2022-2023\EEEE3016 EMBEDDED COMPUTING\LABS\TASK_6\TASK_6A_ASSEMBLY\ECH_INIT.INC 23 : Register in operand not in bank 0.  Ensure that bank bits are correct.
Message[302] C:\USERS\SUGIE\ONEDRIVE - THE UNIVERSITY OF NOTTINGHAM\2022-2023\EEEE3016 EMBEDDED COMPUTING\LABS\TASK_6\TASK_6A_ASSEMBLY\ECH_INIT.INC 27 : Register in operand not in bank 0.  Ensure that bank bits are correct.
Message[302] C:\USERS\SUGIE\ONEDRIVE - THE UNIVERSITY OF NOTTINGHAM\2022-2023\EEEE3016 EMBEDDED COMPUTING\LABS\TASK_6\TASK_6A_ASSEMBLY\ECH_INIT.INC 31 : Register in operand not in bank 0.  Ensure that bank bits are correct.
Message[302] C:\USERS\SUGIE\ONEDRIVE - THE UNIVERSITY OF NOTTINGHAM\2022-2023\EEEE3016 EMBEDDED COMPUTING\LABS\TASK_6\TASK_6A_ASSEMBLY\ECH_INIT.INC 34 : Register in operand not in bank 0.  Ensure that bank bits are correct.
Message[302] C:\USERS\SUGIE\ONEDRIVE - THE UNIVERSITY OF NOTTINGHAM\2022-2023\EEEE3016 EMBEDDED COMPUTING\LABS\TASK_6\TASK_6A_ASSEMBLY\ECH_INIT.INC 38 : Register in operand not in bank 0.  Ensure that bank bits are correct.
Message[302] C:\USERS\SUGIE\ONEDRIVE - THE UNIVERSITY OF NOTTINGHAM\2022-2023\EEEE3016 EMBEDDED COMPUTING\LABS\TASK_6\TASK_6A_ASSEMBLY\ECH_INIT.INC 41 : Register in operand not in bank 0.  Ensure that bank bits are correct.
Message[302] C:\USERS\SUGIE\ONEDRIVE - THE UNIVERSITY OF NOTTINGHAM\2022-2023\EEEE3016 EMBEDDED COMPUTING\LABS\TASK_6\TASK_6A_ASSEMBLY\ECH_INIT.INC 43 : Register in operand not in bank 0.  Ensure that bank bits are correct.
Message[302] C:\USERS\SUGIE\ONEDRIVE - THE UNIVERSITY OF NOTTINGHAM\2022-2023\EEEE3016 EMBEDDED COMPUTING\LABS\TASK_6\TASK_6A_ASSEMBLY\ECH_INIT.INC 46 : Register in operand not in bank 0.  Ensure that bank bits are correct.
Message[302] C:\USERS\SUGIE\ONEDRIVE - THE UNIVERSITY OF NOTTINGHAM\2022-2023\EEEE3016 EMBEDDED COMPUTING\LABS\TASK_6\TASK_6A_ASSEMBLY\PROGRAM.ASM 305 : Register in operand not in bank 0.  Ensure that bank bits are correct.
Message[302] C:\USERS\SUGIE\ONEDRIVE - THE UNIVERSITY OF NOTTINGHAM\2022-2023\EEEE3016 EMBEDDED COMPUTING\LABS\TASK_6\TASK_6A_ASSEMBLY\PROGRAM.ASM 312 : Register in operand not in bank 0.  Ensure that bank bits are correct.
Warning[205] C:\USERS\SUGIE\ONEDRIVE - THE UNIVERSITY OF NOTTINGHAM\2022-2023\EEEE3016 EMBEDDED COMPUTING\LABS\TASK_6\TASK_6A_ASSEMBLY\PROGRAM.ASM 371 : Found directive in column 1. (end)
